<?xml version="1.0" encoding="UTF-8"?>
<!-- Generated by org.testng.reporters.JUnitReportReporter -->
<testsuite hostname="LAPTOP-HH7IGSDH" failures="0" tests="1" name="com.nopcommerce.testCases.TC_LoginTest_001" time="8.438" errors="0" timestamp="23 Feb 2022 21:31:33 GMT" skipped="0">
  <testcase classname="com.nopcommerce.testCases.TC_LoginTest_001" name="loginTest" time="8.438"/>
</testsuite> <!-- com.nopcommerce.testCases.TC_LoginTest_001 -->
